<?xml version="1.0" encoding="utf-8"?><testsuites><testsuite name="pytest" errors="0" failures="0" skipped="0" tests="31" time="12.963" timestamp="2025-05-13T12:35:08.576188+02:00" hostname="nicolascassonnet-ThinkPad-P53"><testcase classname="tests.functional.test_data_validation" name="test_required_columns" time="0.002" /><testcase classname="tests.functional.test_data_validation" name="test_data_types" time="0.001" /><testcase classname="tests.functional.test_data_validation" name="test_missing_values" time="0.002" /><testcase classname="tests.functional.test_data_validation" name="test_outliers_income" time="0.001" /><testcase classname="tests.functional.test_evaluation" name="test_f1_score_threshold" time="0.025" /><testcase classname="tests.functional.test_evaluation" name="test_bias_on_subgroup" time="0.002" /><testcase classname="tests.functional.test_preprocessing" name="test_preprocess" time="0.025" /><testcase classname="tests.functional.test_train" name="test_train_model" time="3.021" /><testcase classname="tests.functional.test_training_end_to_end" name="test_model_convergence" time="0.005" /><testcase classname="tests.unit.test_basic" name="test_one_plus_one_equals_two" time="0.001" /><testcase classname="tests.unit.test_basic" name="test_one_plus_two_equals_three" time="0.001" /><testcase classname="tests.unit.test_basic" name="test_two_plus_two_equals_four" time="0.001" /><testcase classname="tests.unit.test_model_params" name="test_hyperparameter_application" time="0.001" /><testcase classname="tests.unit.test_plot_funcs" name="test_label_share" time="0.276" /><testcase classname="tests.unit.test_plot_funcs" name="test_corr_matrix" time="0.341" /><testcase classname="tests.unit.test_plot_funcs" name="test_confusion_matrix" time="0.278" /><testcase classname="tests.unit.test_plot_funcs" name="test_metric" time="0.357" /><testcase classname="tests.unit.test_plot_funcs" name="test_feature_importance" time="0.234" /><testcase classname="tests.unit.test_plot_funcs" name="test_scores" time="0.243" /><testcase classname="tests.unit.test_plot_funcs" name="test_roc_curve" time="0.286" /><testcase classname="tests.unit.test_plot_funcs" name="test_pr_curve" time="0.294" /><testcase classname="tests.unit.test_predict" name="test_ensemble_model_predict_proba" time="0.008" /><testcase classname="tests.unit.test_predict" name="test_main" time="0.017" /><testcase classname="tests.unit.test_preprocessing" name="test_pipeline_reproducibility" time="0.005" /><testcase classname="tests.unit.test_preprocessing" name="test_replace_ext" time="0.001" /><testcase classname="tests.unit.test_preprocessing" name="test_describe" time="0.019" /><testcase classname="tests.unit.test_preprocessing" name="test_reduce_mem_usage" time="0.009" /><testcase classname="tests.unit.test_train" name="test_divide_by_sum" time="0.001" /><testcase classname="tests.unit.test_train" name="test_get_scores" time="0.016" /><testcase classname="tests.unit.test_utils" name="test_print_divider" time="0.001" /><testcase classname="tests.unit.test_utils" name="test_load_pickle" time="0.001" /></testsuite></testsuites>