<?xml version="1.0" encoding="utf-8"?><testsuites><testsuite name="pytest" errors="0" failures="0" skipped="0" tests="10" time="10.435" timestamp="2025-05-13T15:15:44.203074+02:00" hostname="nicolascassonnet-ThinkPad-P53"><testcase classname="tests.functional.test_data_validation" name="test_required_columns" time="0.003" /><testcase classname="tests.functional.test_data_validation" name="test_data_types" time="0.001" /><testcase classname="tests.functional.test_data_validation" name="test_missing_values" time="0.002" /><testcase classname="tests.functional.test_data_validation" name="test_outliers_income" time="0.001" /><testcase classname="tests.functional.test_evaluation" name="test_f1_score_threshold" time="0.017" /><testcase classname="tests.functional.test_evaluation" name="test_bias_on_subgroup" time="0.003" /><testcase classname="tests.functional.test_predict" name="test_main" time="0.028" /><testcase classname="tests.functional.test_preprocessing" name="test_preprocess" time="0.037" /><testcase classname="tests.functional.test_train" name="test_train_model" time="2.874" /><testcase classname="tests.functional.test_training_end_to_end" name="test_model_convergence" time="0.062" /></testsuite></testsuites>